=== Workflow Started ===
Timestamp: Tue Dec 23 17:55:32 UTC 2025
Repository: nezumi0627/nezu-app
Commit: fb5f52688d195346f66b4e1ecf107355f612d370
Branch: main
Run ID: 20467913527

Xcode path: /Applications/Xcode.app/Contents/Developer
=== Xcode Version ===
Xcode 16.4
Build version 16F6
Build started at: Tue Dec 23 17:55:33 UTC 2025
=== Available Schemes ===
Command line invocation:
    /Applications/Xcode_16.4.app/Contents/Developer/usr/bin/xcodebuild -list -project nezu-app.xcodeproj

Information about project "nezu-app":
    Targets:
        nezu-app

    Build Configurations:
        Debug
        Release

    If no build configuration is specified and -scheme is not passed then "Release" is used.

    Schemes:
        nezu-app

=== Starting Build ===
Timestamp: Tue Dec 23 17:55:36 UTC 2025
Using project: nezu-app.xcodeproj
Using scheme: nezu-app
ERROR: Build failed with exit code: 65
ERROR: Build log saved to build.log
